<?xml version="1.0" encoding="UTF-8"?>
<testsuite xmlns:xsi="http://www.w3.org/2001/XMLSchema-instance" xsi:noNamespaceSchemaLocation="https://maven.apache.org/surefire/maven-surefire-plugin/xsd/surefire-test-report-3.0.xsd" version="3.0" name="com.taskapi.TaskManagementAPIApplicationTests" time="6.344" tests="1" errors="0" skipped="0" failures="0">
  <properties>
[...]
</properties>
  <testcase name="contextLoads" classname="com.taskapi.TaskManagementAPIApplicationTests" time="0.471">
    <system-out><![CDATA[16:42:14.332 [main] INFO org.springframework.test.context.support.AnnotationConfigContextLoaderUtils -- Could not detect default configuration classes for test class [com.taskapi.TaskManagementAPIApplicationTests]: TaskManagementAPIApplicationTests does not declare any static, non-private, non-final, nested classes annotated with @Configuration.
16:42:14.476 [main] INFO org.springframework.boot.test.context.SpringBootTestContextBootstrapper -- Found @SpringBootConfiguration com.taskapi.TaskManagementAPIApplication for test class com.taskapi.TaskManagementAPIApplicationTests

  .   ____          _            __ _ _
 /\\ / ___'_ __ _ _(_)_ __  __ _ \ \ \ \
( ( )\___ | '_ | '_| | '_ \/ _` | \ \ \ \
 \\/  ___)| |_)| | | | | || (_| |  ) ) ) )
  '  |____| .__|_| |_|_| |_\__, | / / / /
 =========|_|==============|___/=/_/_/_/
 :: Spring Boot ::                (v3.2.0)

2025-11-04T16:42:15.047Z  INFO 2356 --- [task-management-api] [           main] c.t.TaskManagementAPIApplicationTests    : Starting TaskManagementAPIApplicationTests using Java 17.0.17 with PID 2356 (started by runner in /home/runner/work/Task-Management-API/Task-Management-API/demo)
2025-11-04T16:42:15.048Z DEBUG 2356 --- [task-management-api] [           main] c.t.TaskManagementAPIApplicationTests    : Running with Spring Boot v3.2.0, Spring v6.1.1
2025-11-04T16:42:15.050Z  INFO 2356 --- [task-management-api] [           main] c.t.TaskManagementAPIApplicationTests    : No active profile set, falling back to 1 default profile: "default"
2025-11-04T16:42:16.117Z  INFO 2356 --- [task-management-api] [           main] .s.d.r.c.RepositoryConfigurationDelegate : Bootstrapping Spring Data JPA repositories in DEFAULT mode.
2025-11-04T16:42:16.195Z  INFO 2356 --- [task-management-api] [           main] .s.d.r.c.RepositoryConfigurationDelegate : Finished Spring Data repository scanning in 67 ms. Found 1 JPA repository interface.
2025-11-04T16:42:16.790Z  INFO 2356 --- [task-management-api] [           main] o.hibernate.jpa.internal.util.LogHelper  : HHH000204: Processing PersistenceUnitInfo [name: default]
2025-11-04T16:42:16.868Z  INFO 2356 --- [task-management-api] [           main] org.hibernate.Version                    : HHH000412: Hibernate ORM core version 6.3.1.Final
2025-11-04T16:42:16.906Z  INFO 2356 --- [task-management-api] [           main] o.h.c.internal.RegionFactoryInitiator    : HHH000026: Second-level cache disabled
2025-11-04T16:42:17.213Z  INFO 2356 --- [task-management-api] [           main] o.s.o.j.p.SpringPersistenceUnitInfo      : No LoadTimeWeaver setup: ignoring JPA class transformer
2025-11-04T16:42:17.243Z  INFO 2356 --- [task-management-api] [           main] com.zaxxer.hikari.HikariDataSource       : HikariPool-1 - Starting...
2025-11-04T16:42:17.532Z  INFO 2356 --- [task-management-api] [           main] com.zaxxer.hikari.pool.HikariPool        : HikariPool-1 - Added connection conn0: url=jdbc:h2:mem:taskdb user=SA
2025-11-04T16:42:17.534Z  INFO 2356 --- [task-management-api] [           main] com.zaxxer.hikari.HikariDataSource       : HikariPool-1 - Start completed.
2025-11-04T16:42:17.563Z  WARN 2356 --- [task-management-api] [           main] org.hibernate.orm.deprecation            : HHH90000025: H2Dialect does not need to be specified explicitly using 'hibernate.dialect' (remove the property setting and it will be selected by default)
2025-11-04T16:42:18.510Z  INFO 2356 --- [task-management-api] [           main] o.h.e.t.j.p.i.JtaPlatformInitiator       : HHH000489: No JTA platform available (set 'hibernate.transaction.jta.platform' to enable JTA platform integration)
Hibernate: drop table if exists tasks cascade 
Hibernate: create table tasks (created_at timestamp(6) not null, deadline timestamp(6), id bigint generated by default as identity, updated_at timestamp(6), title varchar(100) not null, description varchar(500), priority varchar(255) not null check (priority in ('LOW','MEDIUM','HIGH')), status varchar(255) not null check (status in ('TODO','IN_PROGRESS','DONE')), primary key (id))
2025-11-04T16:42:18.557Z  INFO 2356 --- [task-management-api] [           main] j.LocalContainerEntityManagerFactoryBean : Initialized JPA EntityManagerFactory for persistence unit 'default'
2025-11-04T16:42:18.936Z  INFO 2356 --- [task-management-api] [           main] o.s.d.j.r.query.QueryEnhancerFactory     : Hibernate is in classpath; If applicable, HQL parser will be used.
2025-11-04T16:42:19.575Z  WARN 2356 --- [task-management-api] [           main] JpaBaseConfiguration$JpaWebConfiguration : spring.jpa.open-in-view is enabled by default. Therefore, database queries may be performed during view rendering. Explicitly configure spring.jpa.open-in-view to disable this warning
2025-11-04T16:42:19.898Z  INFO 2356 --- [task-management-api] [           main] o.s.b.a.h2.H2ConsoleAutoConfiguration    : H2 console available at '/h2-console'. Database available at 'jdbc:h2:mem:taskdb'
2025-11-04T16:42:19.950Z  INFO 2356 --- [task-management-api] [           main] c.t.TaskManagementAPIApplicationTests    : Started TaskManagementAPIApplicationTests in 5.266 seconds (process running for 6.681)
]]></system-out>
  </testcase>
</testsuite>